
Showing logs for build [32mcb-kubecd-environment-pr-102-22-bk5tz-1[0m stage [32mfrom-build-pack[0m and container [32mstep-credential-initializer-dx2vb[0m
{"level":"warn","ts":1576060845.8812852,"logger":"fallback-logger","caller":"logging/config.go:69","msg":"Fetch GitHub commit ID from kodata failed: \"ref: refs/heads/master\" is not a valid GitHub commit ID"}
{"level":"info","ts":1576060845.8819017,"logger":"fallback-logger","caller":"creds-init/main.go:40","msg":"Credentials initialized."}

Showing logs for build [32mcb-kubecd-environment-pr-102-22-bk5tz-1[0m stage [32mfrom-build-pack[0m and container [32mstep-working-dir-initializer-hclgj[0m
{"level":"warn","ts":1576060846.8468885,"logger":"fallback-logger","caller":"logging/config.go:69","msg":"Fetch GitHub commit ID from kodata failed: open /var/run/ko/HEAD: no such file or directory"}
{"level":"info","ts":1576060846.8487089,"logger":"fallback-logger","caller":"bash/main.go:65","msg":"Successfully executed command \"mkdir -p /workspace/source\""}

Showing logs for build [32mcb-kubecd-environment-pr-102-22-bk5tz-1[0m stage [32mfrom-build-pack[0m and container [32mstep-place-tools[0m

Showing logs for build [32mcb-kubecd-environment-pr-102-22-bk5tz-1[0m stage [32mfrom-build-pack[0m and container [32mstep-git-source-cb-kubecd-environment-pr-102-22-xc5nz[0m
{"level":"warn","ts":1576060850.9524088,"logger":"fallback-logger","caller":"logging/config.go:69","msg":"Fetch GitHub commit ID from kodata failed: \"ref: refs/heads/master\" is not a valid GitHub commit ID"}
{"level":"info","ts":1576060852.2381544,"logger":"fallback-logger","caller":"git/git.go:102","msg":"Successfully cloned https://github.com/cb-kubecd/environment-pr-102-22-boot-vault-gke-production.git @ master in path /workspace/source"}

Showing logs for build [32mcb-kubecd-environment-pr-102-22-bk5tz-1[0m stage [32mfrom-build-pack[0m and container [32mstep-git-merge[0m
Using SHAs from PULL_REFS=master:aba2ce8e62d12600fad5d30643c14557b39eb336,1:50ec49ce68e2386bac2489c5d9e93d89e4f42a73
DEBUG: ran git fetch --unshallow origin 50ec49ce68e2386bac2489c5d9e93d89e4f42a73: aba2ce8e62d12600fad5d30643c14557b39eb336: in 
DEBUG: ran git checkout master in 
DEBUG: ran git reset --hard aba2ce8e62d12600fad5d30643c14557b39eb336 in 
DEBUG: ran clean --force -d . in 
DEBUG: ran git merge 50ec49ce68e2386bac2489c5d9e93d89e4f42a73 in 
Merged SHA 50ec49ce68e2386bac2489c5d9e93d89e4f42a73 with commit message 'chore: Promote bdd-spring-1576059444 to version 0.0.1' into base branch master

Showing logs for build [32mcb-kubecd-environment-pr-102-22-bk5tz-1[0m stage [32mfrom-build-pack[0m and container [32mstep-build-helm-build[0m
WARNING: No $CHART_REPOSITORY defined so using the default value of: http://jenkins-x-chartmuseum:8080
Adding missing Helm repo: storage.googleapis.com https://storage.googleapis.com/chartmuseum.jenkins-x.io
Read credentials for https://storage.googleapis.com/chartmuseum.jenkins-x.io from vault helm/repos
Successfully added Helm repository storage.googleapis.com.
Adding missing Helm repo: jenkins-x-chartmuseum http://jenkins-x-chartmuseum:8080
Read credentials for http://jenkins-x-chartmuseum:8080 from vault helm/repos
Successfully added Helm repository jenkins-x-chartmuseum.
WARNING: No $CHART_REPOSITORY defined so using the default value of: http://jenkins-x-chartmuseum:8080
Adding missing Helm repo: chartmuseum.jenkins-x.io http://chartmuseum.jenkins-x.io
Read credentials for http://chartmuseum.jenkins-x.io from vault helm/repos
Successfully added Helm repository chartmuseum.jenkins-x.io.
